2026-03-22 17:22:25 | INFO     | [20260322_172225] CALL_STARTED — redis=yes | rag_chunks=4
2026-03-22 17:22:29 | INFO     | [20260322_172225] CALLER_SPOKE — text=Hello.
2026-03-22 17:22:30 | INFO     | [20260322_172225] AI_SPOKE — text=Hi, this is Priya from BluQQ! How can I help you today?
2026-03-22 17:22:42 | INFO     | [20260322_172225] CALLER_SPOKE — text=इस पार्सारी से परवाई बलक्स। परवाई बलक्स।
2026-03-22 17:22:43 | INFO     | [20260322_172225] AI_SPOKE — text=Absolutely! Our trading bots are automated software tools that help you execute trades based on pre-
2026-03-22 17:22:59 | INFO     | [20260322_172225] CALLER_SPOKE — text=Okay.
2026-03-22 17:22:59 | INFO     | [20260322_172225] AI_SPOKE — text=They can analyze market data
2026-03-22 17:23:02 | INFO     | [20260322_172225] CALLER_SPOKE — text=All the best, and this is great.
2026-03-22 17:23:03 | INFO     | [20260322_172225] AI_SPOKE — text=Sure! Besides trading bots, we also offer custom dashboards, AI tools, data pipelines, web scraping 
2026-03-22 17:23:19 | INFO     | [20260322_172225] CALLER_SPOKE — text=Okay
2026-03-22 17:23:21 | INFO     | [20260322_172225] AI_SPOKE — text=and real estate tech services as well. Is there any specific service you’re more interested in?
2026-03-22 17:23:28 | INFO     | [20260322_172225] CALLER_SPOKE — text=Thank you. Thank you. Thank you. 
2026-03-22 17:23:30 | INFO     | [20260322_172225] AI_SPOKE — text=For trading bots, the price range is typically between $500 to $5,000, depending on the complexity a
2026-03-22 17:23:41 | INFO     | [20260322_172225] AI_SPOKE — text=Would you like more details on what's included in that range?
2026-03-22 17:23:41 | INFO     | [20260322_172225] CALLER_SPOKE — text=OK.
2026-03-22 17:23:47 | INFO     | [20260322_172225] CALLER_SPOKE — text=Next up
2026-03-22 17:23:49 | INFO     | [20260322_172225] AI_SPOKE — text=Sure! For a basic trading bot around $500, you get simple rule-based automation. As you go higher in
2026-03-22 17:24:01 | INFO     | [20260322_172225] CALLER_SPOKE — text=Okay, okay
2026-03-22 17:24:02 | INFO     | [20260322_172225] AI_SPOKE — text=No worries! Just let me know if you’d like more info later. Are you exploring options or just gettin
2026-03-22 17:24:17 | INFO     | [20260322_172225] CALLER_SPOKE — text=Yes, I am exploring it.
2026-03-22 17:24:19 | INFO     | [20260322_172225] AI_SPOKE — text=Got it! That’s a great place to start. Are you more focused on automating trades or are you also loo
2026-03-22 17:24:33 | INFO     | [20260322_172225] CALL_ENDED — duration=02:07 | turns=0 | errors=0
